/usr/local/lib/python3.12/dist-packages/torch/cuda/__init__.py:61: FutureWarning: The pynvml package is deprecated. Please install nvidia-ml-py instead. If you did not install pynvml directly, please report this to the maintainers of the package that installed pynvml for you.
  import pynvml  # type: ignore[import]
/usr/local/lib/python3.12/dist-packages/huggingface_hub/constants.py:277: FutureWarning: The `HF_HUB_ENABLE_HF_TRANSFER` environment variable is deprecated as 'hf_transfer' is not used anymore. Please use `HF_XET_HIGH_PERFORMANCE` instead to enable high performance transfer with Xet. Visit https://huggingface.co/docs/huggingface_hub/package_reference/environment_variables#hfxethighperformance for more details.
  warnings.warn(
Warning: You are sending unauthenticated requests to the HF Hub. Please set a HF_TOKEN to enable higher rate limits and faster downloads.
max_running_requests_per_dp=4096
dp_size=1
skip_max_running_requests_threshold=4096
skip_token_capacity_threshold=8923648
======== Warmup Begin ========
Warmup with batch_size=[64]
#Input tokens: 65536
#Output tokens: 1024
batch size: 64
input_len: 1024
output_len: 16
latency: 2.80 s
input throughput: 24373.75 tok/s
output throughput: 9015.16 tok/s
last_ttft: 2.69 s
last generation throughput: 4666.33 tok/s
======== Warmup End   ========

#Input tokens: 131072
#Output tokens: 131072
batch size: 64
input_len: 2048
output_len: 2048
latency: 21.59 s
input throughput: 24444.44 tok/s
output throughput: 8077.21 tok/s
last_ttft: 5.36 s
last generation throughput: 7957.63 tok/s

Results are saved to /tmp/opt8_probe/on/bs64.jsonl

Input lens: [2048]. Output lens: [2048].
|   batch size |   input len |   latency (s) |   input throughput (tok/s) |   output throughput (tok/s) | acc length   |   ITL (ms) |   input cost ($/1M) |   output cost ($/1M) | cache hit rate   |
|--------------|-------------|---------------|----------------------------|-----------------------------|--------------|------------|---------------------|----------------------|------------------|
|           64 |        2048 |         21.59 |                    24444.4 |                     8077.21 | n/a          |       7.92 |                0.06 |                 0.14 | n/a              |

