/usr/local/lib/python3.12/dist-packages/torch/cuda/__init__.py:61: FutureWarning: The pynvml package is deprecated. Please install nvidia-ml-py instead. If you did not install pynvml directly, please report this to the maintainers of the package that installed pynvml for you.
  import pynvml  # type: ignore[import]
/usr/local/lib/python3.12/dist-packages/huggingface_hub/constants.py:277: FutureWarning: The `HF_HUB_ENABLE_HF_TRANSFER` environment variable is deprecated as 'hf_transfer' is not used anymore. Please use `HF_XET_HIGH_PERFORMANCE` instead to enable high performance transfer with Xet. Visit https://huggingface.co/docs/huggingface_hub/package_reference/environment_variables#hfxethighperformance for more details.
  warnings.warn(
max_running_requests_per_dp=4096
dp_size=1
skip_max_running_requests_threshold=4096
skip_token_capacity_threshold=8923648
======== Warmup Begin ========
Warmup with batch_size=[32]
#Input tokens: 32768
#Output tokens: 512
batch size: 32
input_len: 1024
output_len: 16
latency: 1.03 s
input throughput: 35156.57 tok/s
output throughput: 5044.64 tok/s
last_ttft: 0.93 s
last generation throughput: 2570.20 tok/s
======== Warmup End   ========

#Input tokens: 65536
#Output tokens: 65536
batch size: 32
input_len: 2048
output_len: 2048
latency: 15.93 s
input throughput: 35788.81 tok/s
output throughput: 4646.88 tok/s
last_ttft: 1.83 s
last generation throughput: 4633.55 tok/s

Results are saved to /tmp/opt1_ab/on/bs32.jsonl

Input lens: [2048]. Output lens: [2048].
|   batch size |   input len |   latency (s) |   input throughput (tok/s) |   output throughput (tok/s) | acc length   |   ITL (ms) |   input cost ($/1M) |   output cost ($/1M) | cache hit rate   |
|--------------|-------------|---------------|----------------------------|-----------------------------|--------------|------------|---------------------|----------------------|------------------|
|           32 |        2048 |         15.93 |                    35788.8 |                     4646.88 | n/a          |       6.89 |                0.04 |                 0.24 | n/a              |

